<?xml version="1.0" encoding="UTF-8" ?>
<testsuite tests="23" failures="0" name="LibraryTest" time="0.03" errors="0" skipped="0">
  <properties>
    <property name="java.runtime.name" value="Java(TM) SE Runtime Environment"/>
    <property name="java.vm.version" value="17+35-LTS-2724"/>
    <property name="sun.boot.library.path" value="C:\Program Files\Java\jdk-17\bin"/>
    <property name="maven.multiModuleProjectDirectory" value="C:\Users\kapot\IdeaProjects\MavenProject2"/>
    <property name="java.vm.vendor" value="Oracle Corporation"/>
    <property name="java.vendor.url" value="https://java.oracle.com/"/>
    <property name="guice.disable.misplaced.annotation.check" value="true"/>
    <property name="path.separator" value=";"/>
    <property name="java.vm.name" value="Java HotSpot(TM) 64-Bit Server VM"/>
    <property name="sun.os.patch.level" value=""/>
    <property name="user.script" value=""/>
    <property name="user.country" value="GB"/>
    <property name="sun.java.launcher" value="SUN_STANDARD"/>
    <property name="java.vm.specification.name" value="Java Virtual Machine Specification"/>
    <property name="user.dir" value="C:\Users\kapot\IdeaProjects\MavenProject2"/>
    <property name="java.vm.compressedOopsMode" value="32-bit"/>
    <property name="java.runtime.version" value="17+35-LTS-2724"/>
    <property name="os.arch" value="amd64"/>
    <property name="java.io.tmpdir" value="C:\Users\kapot\AppData\Local\Temp\"/>
    <property name="line.separator" value="
"/>
    <property name="java.vm.specification.vendor" value="Oracle Corporation"/>
    <property name="user.variant" value=""/>
    <property name="os.name" value="Windows 10"/>
    <property name="classworlds.conf" value="C:\Program Files\apache-maven-3.8.3\bin\m2.conf"/>
    <property name="sun.jnu.encoding" value="Cp1252"/>
    <property name="java.library.path" value="C:\Program Files\Java\jdk-17\bin;C:\WINDOWS\Sun\Java\bin;C:\WINDOWS\system32;C:\WINDOWS;C:\Program Files\Common Files\Oracle\Java\javapath;C:\Program Files (x86)\Common Files\Oracle\Java\javapath;C:\Python27\;C:\Python27\Scripts;C:\WINDOWS\system32;C:\WINDOWS;C:\WINDOWS\System32\Wbem;C:\WINDOWS\System32\WindowsPowerShell\v1.0\;C:\Program Files\Intel\WiFi\bin\;C:\Program Files\Common Files\Intel\WirelessCommon\;C:\WINDOWS\System32\OpenSSH\;C:\Program Files (x86)\Mercurial;C:\ffmpeg-20200930-aa5e49e46d-win64-static\bin;C:\Program Files\Git\cmd;C:\Program Files\apache-maven-3.8.3\bin;."/>
    <property name="maven.conf" value="C:\Program Files\apache-maven-3.8.3/conf"/>
    <property name="jdk.debug" value="release"/>
    <property name="java.class.version" value="61.0"/>
    <property name="java.specification.name" value="Java Platform API Specification"/>
    <property name="sun.management.compiler" value="HotSpot 64-Bit Tiered Compilers"/>
    <property name="os.version" value="10.0"/>
    <property name="library.jansi.path" value="C:\Program Files\apache-maven-3.8.3\lib\jansi-native"/>
    <property name="user.home" value="C:\Users\kapot"/>
    <property name="user.timezone" value="Europe/London"/>
    <property name="file.encoding" value="Cp1252"/>
    <property name="java.specification.version" value="17"/>
    <property name="user.name" value="kapot"/>
    <property name="java.class.path" value="C:\Program Files\apache-maven-3.8.3\boot\plexus-classworlds-2.6.0.jar"/>
    <property name="java.vm.specification.version" value="17"/>
    <property name="sun.arch.data.model" value="64"/>
    <property name="sun.java.command" value="org.codehaus.plexus.classworlds.launcher.Launcher clean test"/>
    <property name="java.home" value="C:\Program Files\Java\jdk-17"/>
    <property name="user.language" value="en"/>
    <property name="java.specification.vendor" value="Oracle Corporation"/>
    <property name="java.vm.info" value="mixed mode, sharing"/>
    <property name="java.version" value="17"/>
    <property name="native.encoding" value="Cp1252"/>
    <property name="java.vendor" value="Oracle Corporation"/>
    <property name="sun.stderr.encoding" value="cp850"/>
    <property name="maven.home" value="C:\Program Files\apache-maven-3.8.3"/>
    <property name="file.separator" value="\"/>
    <property name="java.version.date" value="2021-09-14"/>
    <property name="java.vendor.url.bug" value="https://bugreport.java.com/bugreport/"/>
    <property name="sun.io.unicode.encoding" value="UnicodeLittle"/>
    <property name="sun.cpu.endian" value="little"/>
    <property name="sun.stdout.encoding" value="cp850"/>
    <property name="sun.cpu.isalist" value="amd64"/>
  </properties>
  <testcase classname="LibraryTest" name="testGetReleaseDate" time="0.014"/>
  <testcase classname="LibraryTest" name="testSetStarring" time="0"/>
  <testcase classname="LibraryTest" name="testGetPages" time="0.007"/>
  <testcase classname="LibraryTest" name="testGetStarring" time="0"/>
  <testcase classname="LibraryTest" name="testSetGenreMethod" time="0"/>
  <testcase classname="LibraryTest" name="testGetName" time="0"/>
  <testcase classname="LibraryTest" name="testSetRuntimeMethod" time="0"/>
  <testcase classname="LibraryTest" name="testSetTopicMethod" time="0.002"/>
  <testcase classname="LibraryTest" name="testGetNoOfDiscs" time="0"/>
  <testcase classname="LibraryTest" name="testSetNumberOfEpisodes1" time="0"/>
  <testcase classname="LibraryTest" name="testGetNumberOfEpisodes1" time="0"/>
  <testcase classname="LibraryTest" name="testSetAuthor" time="0"/>
  <testcase classname="LibraryTest" name="testSetReleaseDate" time="0"/>
  <testcase classname="LibraryTest" name="testSetDirectorMethod" time="0"/>
  <testcase classname="LibraryTest" name="testGetGenreMethod" time="0"/>
  <testcase classname="LibraryTest" name="testGetAuthor" time="0.001"/>
  <testcase classname="LibraryTest" name="testBorrow" time="0.002"/>
  <testcase classname="LibraryTest" name="testGetRuntimeMethod" time="0.001"/>
  <testcase classname="LibraryTest" name="testSetNoOfDiscs" time="0.003"/>
  <testcase classname="LibraryTest" name="testSetName" time="0"/>
  <testcase classname="LibraryTest" name="testGetTopicMethod" time="0"/>
  <testcase classname="LibraryTest" name="testGetDirectorMethod" time="0"/>
  <testcase classname="LibraryTest" name="testSetPages" time="0"/>
</testsuite>